The system is: Linux - 5.15.0-136-generic - x86_64
Compiling the C compiler identification source file "CMakeCCompilerId.c" succeeded.
Compiler: /usr/bin/cc 
Build flags: 
Id flags:  

The output was:
0


Compilation of the C compiler identification source "CMakeCCompilerId.c" produced "a.out"

The C compiler identification is GNU, found in "/home/mint/Desktop/FreeRTOS/FreeRTOS/Demo/Posix_GCC/build/CMakeFiles/3.22.1/CompilerIdC/a.out"

Compiling the CXX compiler identification source file "CMakeCXXCompilerId.cpp" succeeded.
Compiler: /usr/bin/c++ 
Build flags: 
Id flags:  

The output was:
0


Compilation of the CXX compiler identification source "CMakeCXXCompilerId.cpp" produced "a.out"

The CXX compiler identification is GNU, found in "/home/mint/Desktop/FreeRTOS/FreeRTOS/Demo/Posix_GCC/build/CMakeFiles/3.22.1/CompilerIdCXX/a.out"

Detecting C compiler ABI info compiled with the following output:
Change Dir: /home/mint/Desktop/FreeRTOS/FreeRTOS/Demo/Posix_GCC/build/CMakeFiles/CMakeTmp

Run Build Command(s):/usr/bin/gmake -f Makefile cmTC_d53b3/fast && /usr/bin/gmake  -f CMakeFiles/cmTC_d53b3.dir/build.make CMakeFiles/cmTC_d53b3.dir/build
gmake[1]: Entering directory '/home/mint/Desktop/FreeRTOS/FreeRTOS/Demo/Posix_GCC/build/CMakeFiles/CMakeTmp'
Building C object CMakeFiles/cmTC_d53b3.dir/CMakeCCompilerABI.c.o
/usr/bin/cc   -v -o CMakeFiles/cmTC_d53b3.dir/CMakeCCompilerABI.c.o -c /usr/share/cmake-3.22/Modules/CMakeCCompilerABI.c
Using built-in specs.
COLLECT_GCC=/usr/bin/cc
Target: x86_64-pc-linux-gnu
Configured with: ./../gcc14source/configure --enable-languages=c,c++ --disable-multilib
Thread model: posix
Supported LTO compression algorithms: zlib
gcc version 15.0.0 20241002 (experimental) (GCC) 
COLLECT_GCC_OPTIONS='-v' '-o' 'CMakeFiles/cmTC_d53b3.dir/CMakeCCompilerABI.c.o' '-c' '-mtune=generic' '-march=x86-64' '-dumpdir' 'CMakeFiles/cmTC_d53b3.dir/'
 /usr/local/libexec/gcc/x86_64-pc-linux-gnu/15.0.0/cc1 -quiet -v -imultiarch x86_64-linux-gnu /usr/share/cmake-3.22/Modules/CMakeCCompilerABI.c -quiet -dumpdir CMakeFiles/cmTC_d53b3.dir/ -dumpbase CMakeCCompilerABI.c.c -dumpbase-ext .c -mtune=generic -march=x86-64 -version -o /tmp/cc9RhOMw.s
GNU C17 (GCC) version 15.0.0 20241002 (experimental) (x86_64-pc-linux-gnu)
	compiled by GNU C version 15.0.0 20241002 (experimental), GMP version 6.2.1, MPFR version 4.1.0, MPC version 1.2.1, isl version isl-0.24-GMP

GGC heuristics: --param ggc-min-expand=30 --param ggc-min-heapsize=4096
ignoring nonexistent directory "/usr/local/include/x86_64-linux-gnu"
ignoring nonexistent directory "/usr/local/lib/gcc/x86_64-pc-linux-gnu/15.0.0/../../../../x86_64-pc-linux-gnu/include"
#include "..." search starts here:
#include <...> search starts here:
 /usr/local/lib/gcc/x86_64-pc-linux-gnu/15.0.0/include
 /usr/local/include
 /usr/local/lib/gcc/x86_64-pc-linux-gnu/15.0.0/include-fixed/x86_64-linux-gnu
 /usr/local/lib/gcc/x86_64-pc-linux-gnu/15.0.0/include-fixed
 /usr/include/x86_64-linux-gnu
 /usr/include
End of search list.
Compiler executable checksum: 0e901b5696a7159754770107ab239989
COLLECT_GCC_OPTIONS='-v' '-o' 'CMakeFiles/cmTC_d53b3.dir/CMakeCCompilerABI.c.o' '-c' '-mtune=generic' '-march=x86-64' '-dumpdir' 'CMakeFiles/cmTC_d53b3.dir/'
 as -v --64 -o CMakeFiles/cmTC_d53b3.dir/CMakeCCompilerABI.c.o /tmp/cc9RhOMw.s
GNU assembler version 2.38 (x86_64-linux-gnu) using BFD version (GNU Binutils for Ubuntu) 2.38
COMPILER_PATH=/usr/local/libexec/gcc/x86_64-pc-linux-gnu/15.0.0/:/usr/local/libexec/gcc/x86_64-pc-linux-gnu/15.0.0/:/usr/local/libexec/gcc/x86_64-pc-linux-gnu/:/usr/local/lib/gcc/x86_64-pc-linux-gnu/15.0.0/:/usr/local/lib/gcc/x86_64-pc-linux-gnu/
LIBRARY_PATH=/usr/local/lib/gcc/x86_64-pc-linux-gnu/15.0.0/:/usr/local/lib/gcc/x86_64-pc-linux-gnu/15.0.0/../../../../lib64/:/lib/x86_64-linux-gnu/:/lib/../lib64/:/usr/lib/x86_64-linux-gnu/:/usr/lib/../lib64/:/usr/local/lib/gcc/x86_64-pc-linux-gnu/15.0.0/../../../:/lib/:/usr/lib/
COLLECT_GCC_OPTIONS='-v' '-o' 'CMakeFiles/cmTC_d53b3.dir/CMakeCCompilerABI.c.o' '-c' '-mtune=generic' '-march=x86-64' '-dumpdir' 'CMakeFiles/cmTC_d53b3.dir/CMakeCCompilerABI.c.'
Linking C executable cmTC_d53b3
/usr/bin/cmake -E cmake_link_script CMakeFiles/cmTC_d53b3.dir/link.txt --verbose=1
/usr/bin/cc  -v CMakeFiles/cmTC_d53b3.dir/CMakeCCompilerABI.c.o -o cmTC_d53b3 
Using built-in specs.
COLLECT_GCC=/usr/bin/cc
COLLECT_LTO_WRAPPER=/usr/local/libexec/gcc/x86_64-pc-linux-gnu/15.0.0/lto-wrapper
Target: x86_64-pc-linux-gnu
Configured with: ./../gcc14source/configure --enable-languages=c,c++ --disable-multilib
Thread model: posix
Supported LTO compression algorithms: zlib
gcc version 15.0.0 20241002 (experimental) (GCC) 
COMPILER_PATH=/usr/local/libexec/gcc/x86_64-pc-linux-gnu/15.0.0/:/usr/local/libexec/gcc/x86_64-pc-linux-gnu/15.0.0/:/usr/local/libexec/gcc/x86_64-pc-linux-gnu/:/usr/local/lib/gcc/x86_64-pc-linux-gnu/15.0.0/:/usr/local/lib/gcc/x86_64-pc-linux-gnu/
LIBRARY_PATH=/usr/local/lib/gcc/x86_64-pc-linux-gnu/15.0.0/:/usr/local/lib/gcc/x86_64-pc-linux-gnu/15.0.0/../../../../lib64/:/lib/x86_64-linux-gnu/:/lib/../lib64/:/usr/lib/x86_64-linux-gnu/:/usr/lib/../lib64/:/usr/local/lib/gcc/x86_64-pc-linux-gnu/15.0.0/../../../:/lib/:/usr/lib/
COLLECT_GCC_OPTIONS='-v' '-o' 'cmTC_d53b3' '-mtune=generic' '-march=x86-64' '-dumpdir' 'cmTC_d53b3.'
 /usr/local/libexec/gcc/x86_64-pc-linux-gnu/15.0.0/collect2 -plugin /usr/local/libexec/gcc/x86_64-pc-linux-gnu/15.0.0/liblto_plugin.so -plugin-opt=/usr/local/libexec/gcc/x86_64-pc-linux-gnu/15.0.0/lto-wrapper -plugin-opt=-fresolution=/tmp/cchQ56yh.res -plugin-opt=-pass-through=-lgcc -plugin-opt=-pass-through=-lgcc_s -plugin-opt=-pass-through=-lc -plugin-opt=-pass-through=-lgcc -plugin-opt=-pass-through=-lgcc_s --eh-frame-hdr -m elf_x86_64 -dynamic-linker /lib64/ld-linux-x86-64.so.2 -o cmTC_d53b3 /lib/x86_64-linux-gnu/crt1.o /lib/x86_64-linux-gnu/crti.o /usr/local/lib/gcc/x86_64-pc-linux-gnu/15.0.0/crtbegin.o -L/usr/local/lib/gcc/x86_64-pc-linux-gnu/15.0.0 -L/usr/local/lib/gcc/x86_64-pc-linux-gnu/15.0.0/../../../../lib64 -L/lib/x86_64-linux-gnu -L/lib/../lib64 -L/usr/lib/x86_64-linux-gnu -L/usr/lib/../lib64 -L/usr/local/lib/gcc/x86_64-pc-linux-gnu/15.0.0/../../.. -L/lib -L/usr/lib CMakeFiles/cmTC_d53b3.dir/CMakeCCompilerABI.c.o -lgcc --push-state --as-needed -lgcc_s --pop-state -lc -lgcc --push-state --as-needed -lgcc_s --pop-state /usr/local/lib/gcc/x86_64-pc-linux-gnu/15.0.0/crtend.o /lib/x86_64-linux-gnu/crtn.o
COLLECT_GCC_OPTIONS='-v' '-o' 'cmTC_d53b3' '-mtune=generic' '-march=x86-64' '-dumpdir' 'cmTC_d53b3.'
gmake[1]: Leaving directory '/home/mint/Desktop/FreeRTOS/FreeRTOS/Demo/Posix_GCC/build/CMakeFiles/CMakeTmp'



Parsed C implicit include dir info from above output: rv=done
  found start of include info
  found start of implicit include info
    add: [/usr/local/lib/gcc/x86_64-pc-linux-gnu/15.0.0/include]
    add: [/usr/local/include]
    add: [/usr/local/lib/gcc/x86_64-pc-linux-gnu/15.0.0/include-fixed/x86_64-linux-gnu]
    add: [/usr/local/lib/gcc/x86_64-pc-linux-gnu/15.0.0/include-fixed]
    add: [/usr/include/x86_64-linux-gnu]
    add: [/usr/include]
  end of search list found
  collapse include dir [/usr/local/lib/gcc/x86_64-pc-linux-gnu/15.0.0/include] ==> [/usr/local/lib/gcc/x86_64-pc-linux-gnu/15.0.0/include]
  collapse include dir [/usr/local/include] ==> [/usr/local/include]
  collapse include dir [/usr/local/lib/gcc/x86_64-pc-linux-gnu/15.0.0/include-fixed/x86_64-linux-gnu] ==> [/usr/local/lib/gcc/x86_64-pc-linux-gnu/15.0.0/include-fixed/x86_64-linux-gnu]
  collapse include dir [/usr/local/lib/gcc/x86_64-pc-linux-gnu/15.0.0/include-fixed] ==> [/usr/local/lib/gcc/x86_64-pc-linux-gnu/15.0.0/include-fixed]
  collapse include dir [/usr/include/x86_64-linux-gnu] ==> [/usr/include/x86_64-linux-gnu]
  collapse include dir [/usr/include] ==> [/usr/include]
  implicit include dirs: [/usr/local/lib/gcc/x86_64-pc-linux-gnu/15.0.0/include;/usr/local/include;/usr/local/lib/gcc/x86_64-pc-linux-gnu/15.0.0/include-fixed/x86_64-linux-gnu;/usr/local/lib/gcc/x86_64-pc-linux-gnu/15.0.0/include-fixed;/usr/include/x86_64-linux-gnu;/usr/include]


Parsed C implicit link information from above output:
  link line regex: [^( *|.*[/\])(ld|CMAKE_LINK_STARTFILE-NOTFOUND|([^/\]+-)?ld|collect2)[^/\]*( |$)]
  ignore line: [Change Dir: /home/mint/Desktop/FreeRTOS/FreeRTOS/Demo/Posix_GCC/build/CMakeFiles/CMakeTmp]
  ignore line: []
  ignore line: [Run Build Command(s):/usr/bin/gmake -f Makefile cmTC_d53b3/fast && /usr/bin/gmake  -f CMakeFiles/cmTC_d53b3.dir/build.make CMakeFiles/cmTC_d53b3.dir/build]
  ignore line: [gmake[1]: Entering directory '/home/mint/Desktop/FreeRTOS/FreeRTOS/Demo/Posix_GCC/build/CMakeFiles/CMakeTmp']
  ignore line: [Building C object CMakeFiles/cmTC_d53b3.dir/CMakeCCompilerABI.c.o]
  ignore line: [/usr/bin/cc   -v -o CMakeFiles/cmTC_d53b3.dir/CMakeCCompilerABI.c.o -c /usr/share/cmake-3.22/Modules/CMakeCCompilerABI.c]
  ignore line: [Using built-in specs.]
  ignore line: [COLLECT_GCC=/usr/bin/cc]
  ignore line: [Target: x86_64-pc-linux-gnu]
  ignore line: [Configured with: ./../gcc14source/configure --enable-languages=c c++ --disable-multilib]
  ignore line: [Thread model: posix]
  ignore line: [Supported LTO compression algorithms: zlib]
  ignore line: [gcc version 15.0.0 20241002 (experimental) (GCC) ]
  ignore line: [COLLECT_GCC_OPTIONS='-v' '-o' 'CMakeFiles/cmTC_d53b3.dir/CMakeCCompilerABI.c.o' '-c' '-mtune=generic' '-march=x86-64' '-dumpdir' 'CMakeFiles/cmTC_d53b3.dir/']
  ignore line: [ /usr/local/libexec/gcc/x86_64-pc-linux-gnu/15.0.0/cc1 -quiet -v -imultiarch x86_64-linux-gnu /usr/share/cmake-3.22/Modules/CMakeCCompilerABI.c -quiet -dumpdir CMakeFiles/cmTC_d53b3.dir/ -dumpbase CMakeCCompilerABI.c.c -dumpbase-ext .c -mtune=generic -march=x86-64 -version -o /tmp/cc9RhOMw.s]
  ignore line: [GNU C17 (GCC) version 15.0.0 20241002 (experimental) (x86_64-pc-linux-gnu)]
  ignore line: [	compiled by GNU C version 15.0.0 20241002 (experimental)  GMP version 6.2.1  MPFR version 4.1.0  MPC version 1.2.1  isl version isl-0.24-GMP]
  ignore line: []
  ignore line: [GGC heuristics: --param ggc-min-expand=30 --param ggc-min-heapsize=4096]
  ignore line: [ignoring nonexistent directory "/usr/local/include/x86_64-linux-gnu"]
  ignore line: [ignoring nonexistent directory "/usr/local/lib/gcc/x86_64-pc-linux-gnu/15.0.0/../../../../x86_64-pc-linux-gnu/include"]
  ignore line: [#include "..." search starts here:]
  ignore line: [#include <...> search starts here:]
  ignore line: [ /usr/local/lib/gcc/x86_64-pc-linux-gnu/15.0.0/include]
  ignore line: [ /usr/local/include]
  ignore line: [ /usr/local/lib/gcc/x86_64-pc-linux-gnu/15.0.0/include-fixed/x86_64-linux-gnu]
  ignore line: [ /usr/local/lib/gcc/x86_64-pc-linux-gnu/15.0.0/include-fixed]
  ignore line: [ /usr/include/x86_64-linux-gnu]
  ignore line: [ /usr/include]
  ignore line: [End of search list.]
  ignore line: [Compiler executable checksum: 0e901b5696a7159754770107ab239989]
  ignore line: [COLLECT_GCC_OPTIONS='-v' '-o' 'CMakeFiles/cmTC_d53b3.dir/CMakeCCompilerABI.c.o' '-c' '-mtune=generic' '-march=x86-64' '-dumpdir' 'CMakeFiles/cmTC_d53b3.dir/']
  ignore line: [ as -v --64 -o CMakeFiles/cmTC_d53b3.dir/CMakeCCompilerABI.c.o /tmp/cc9RhOMw.s]
  ignore line: [GNU assembler version 2.38 (x86_64-linux-gnu) using BFD version (GNU Binutils for Ubuntu) 2.38]
  ignore line: [COMPILER_PATH=/usr/local/libexec/gcc/x86_64-pc-linux-gnu/15.0.0/:/usr/local/libexec/gcc/x86_64-pc-linux-gnu/15.0.0/:/usr/local/libexec/gcc/x86_64-pc-linux-gnu/:/usr/local/lib/gcc/x86_64-pc-linux-gnu/15.0.0/:/usr/local/lib/gcc/x86_64-pc-linux-gnu/]
  ignore line: [LIBRARY_PATH=/usr/local/lib/gcc/x86_64-pc-linux-gnu/15.0.0/:/usr/local/lib/gcc/x86_64-pc-linux-gnu/15.0.0/../../../../lib64/:/lib/x86_64-linux-gnu/:/lib/../lib64/:/usr/lib/x86_64-linux-gnu/:/usr/lib/../lib64/:/usr/local/lib/gcc/x86_64-pc-linux-gnu/15.0.0/../../../:/lib/:/usr/lib/]
  ignore line: [COLLECT_GCC_OPTIONS='-v' '-o' 'CMakeFiles/cmTC_d53b3.dir/CMakeCCompilerABI.c.o' '-c' '-mtune=generic' '-march=x86-64' '-dumpdir' 'CMakeFiles/cmTC_d53b3.dir/CMakeCCompilerABI.c.']
  ignore line: [Linking C executable cmTC_d53b3]
  ignore line: [/usr/bin/cmake -E cmake_link_script CMakeFiles/cmTC_d53b3.dir/link.txt --verbose=1]
  ignore line: [/usr/bin/cc  -v CMakeFiles/cmTC_d53b3.dir/CMakeCCompilerABI.c.o -o cmTC_d53b3 ]
  ignore line: [Using built-in specs.]
  ignore line: [COLLECT_GCC=/usr/bin/cc]
  ignore line: [COLLECT_LTO_WRAPPER=/usr/local/libexec/gcc/x86_64-pc-linux-gnu/15.0.0/lto-wrapper]
  ignore line: [Target: x86_64-pc-linux-gnu]
  ignore line: [Configured with: ./../gcc14source/configure --enable-languages=c c++ --disable-multilib]
  ignore line: [Thread model: posix]
  ignore line: [Supported LTO compression algorithms: zlib]
  ignore line: [gcc version 15.0.0 20241002 (experimental) (GCC) ]
  ignore line: [COMPILER_PATH=/usr/local/libexec/gcc/x86_64-pc-linux-gnu/15.0.0/:/usr/local/libexec/gcc/x86_64-pc-linux-gnu/15.0.0/:/usr/local/libexec/gcc/x86_64-pc-linux-gnu/:/usr/local/lib/gcc/x86_64-pc-linux-gnu/15.0.0/:/usr/local/lib/gcc/x86_64-pc-linux-gnu/]
  ignore line: [LIBRARY_PATH=/usr/local/lib/gcc/x86_64-pc-linux-gnu/15.0.0/:/usr/local/lib/gcc/x86_64-pc-linux-gnu/15.0.0/../../../../lib64/:/lib/x86_64-linux-gnu/:/lib/../lib64/:/usr/lib/x86_64-linux-gnu/:/usr/lib/../lib64/:/usr/local/lib/gcc/x86_64-pc-linux-gnu/15.0.0/../../../:/lib/:/usr/lib/]
  ignore line: [COLLECT_GCC_OPTIONS='-v' '-o' 'cmTC_d53b3' '-mtune=generic' '-march=x86-64' '-dumpdir' 'cmTC_d53b3.']
  link line: [ /usr/local/libexec/gcc/x86_64-pc-linux-gnu/15.0.0/collect2 -plugin /usr/local/libexec/gcc/x86_64-pc-linux-gnu/15.0.0/liblto_plugin.so -plugin-opt=/usr/local/libexec/gcc/x86_64-pc-linux-gnu/15.0.0/lto-wrapper -plugin-opt=-fresolution=/tmp/cchQ56yh.res -plugin-opt=-pass-through=-lgcc -plugin-opt=-pass-through=-lgcc_s -plugin-opt=-pass-through=-lc -plugin-opt=-pass-through=-lgcc -plugin-opt=-pass-through=-lgcc_s --eh-frame-hdr -m elf_x86_64 -dynamic-linker /lib64/ld-linux-x86-64.so.2 -o cmTC_d53b3 /lib/x86_64-linux-gnu/crt1.o /lib/x86_64-linux-gnu/crti.o /usr/local/lib/gcc/x86_64-pc-linux-gnu/15.0.0/crtbegin.o -L/usr/local/lib/gcc/x86_64-pc-linux-gnu/15.0.0 -L/usr/local/lib/gcc/x86_64-pc-linux-gnu/15.0.0/../../../../lib64 -L/lib/x86_64-linux-gnu -L/lib/../lib64 -L/usr/lib/x86_64-linux-gnu -L/usr/lib/../lib64 -L/usr/local/lib/gcc/x86_64-pc-linux-gnu/15.0.0/../../.. -L/lib -L/usr/lib CMakeFiles/cmTC_d53b3.dir/CMakeCCompilerABI.c.o -lgcc --push-state --as-needed -lgcc_s --pop-state -lc -lgcc --push-state --as-needed -lgcc_s --pop-state /usr/local/lib/gcc/x86_64-pc-linux-gnu/15.0.0/crtend.o /lib/x86_64-linux-gnu/crtn.o]
    arg [/usr/local/libexec/gcc/x86_64-pc-linux-gnu/15.0.0/collect2] ==> ignore
    arg [-plugin] ==> ignore
    arg [/usr/local/libexec/gcc/x86_64-pc-linux-gnu/15.0.0/liblto_plugin.so] ==> ignore
    arg [-plugin-opt=/usr/local/libexec/gcc/x86_64-pc-linux-gnu/15.0.0/lto-wrapper] ==> ignore
    arg [-plugin-opt=-fresolution=/tmp/cchQ56yh.res] ==> ignore
    arg [-plugin-opt=-pass-through=-lgcc] ==> ignore
    arg [-plugin-opt=-pass-through=-lgcc_s] ==> ignore
    arg [-plugin-opt=-pass-through=-lc] ==> ignore
    arg [-plugin-opt=-pass-through=-lgcc] ==> ignore
    arg [-plugin-opt=-pass-through=-lgcc_s] ==> ignore
    arg [--eh-frame-hdr] ==> ignore
    arg [-m] ==> ignore
    arg [elf_x86_64] ==> ignore
    arg [-dynamic-linker] ==> ignore
    arg [/lib64/ld-linux-x86-64.so.2] ==> ignore
    arg [-o] ==> ignore
    arg [cmTC_d53b3] ==> ignore
    arg [/lib/x86_64-linux-gnu/crt1.o] ==> obj [/lib/x86_64-linux-gnu/crt1.o]
    arg [/lib/x86_64-linux-gnu/crti.o] ==> obj [/lib/x86_64-linux-gnu/crti.o]
    arg [/usr/local/lib/gcc/x86_64-pc-linux-gnu/15.0.0/crtbegin.o] ==> obj [/usr/local/lib/gcc/x86_64-pc-linux-gnu/15.0.0/crtbegin.o]
    arg [-L/usr/local/lib/gcc/x86_64-pc-linux-gnu/15.0.0] ==> dir [/usr/local/lib/gcc/x86_64-pc-linux-gnu/15.0.0]
    arg [-L/usr/local/lib/gcc/x86_64-pc-linux-gnu/15.0.0/../../../../lib64] ==> dir [/usr/local/lib/gcc/x86_64-pc-linux-gnu/15.0.0/../../../../lib64]
    arg [-L/lib/x86_64-linux-gnu] ==> dir [/lib/x86_64-linux-gnu]
    arg [-L/lib/../lib64] ==> dir [/lib/../lib64]
    arg [-L/usr/lib/x86_64-linux-gnu] ==> dir [/usr/lib/x86_64-linux-gnu]
    arg [-L/usr/lib/../lib64] ==> dir [/usr/lib/../lib64]
    arg [-L/usr/local/lib/gcc/x86_64-pc-linux-gnu/15.0.0/../../..] ==> dir [/usr/local/lib/gcc/x86_64-pc-linux-gnu/15.0.0/../../..]
    arg [-L/lib] ==> dir [/lib]
    arg [-L/usr/lib] ==> dir [/usr/lib]
    arg [CMakeFiles/cmTC_d53b3.dir/CMakeCCompilerABI.c.o] ==> ignore
    arg [-lgcc] ==> lib [gcc]
    arg [--push-state] ==> ignore
    arg [--as-needed] ==> ignore
    arg [-lgcc_s] ==> lib [gcc_s]
    arg [--pop-state] ==> ignore
    arg [-lc] ==> lib [c]
    arg [-lgcc] ==> lib [gcc]
    arg [--push-state] ==> ignore
    arg [--as-needed] ==> ignore
    arg [-lgcc_s] ==> lib [gcc_s]
    arg [--pop-state] ==> ignore
    arg [/usr/local/lib/gcc/x86_64-pc-linux-gnu/15.0.0/crtend.o] ==> obj [/usr/local/lib/gcc/x86_64-pc-linux-gnu/15.0.0/crtend.o]
    arg [/lib/x86_64-linux-gnu/crtn.o] ==> obj [/lib/x86_64-linux-gnu/crtn.o]
  collapse library dir [/usr/local/lib/gcc/x86_64-pc-linux-gnu/15.0.0] ==> [/usr/local/lib/gcc/x86_64-pc-linux-gnu/15.0.0]
  collapse library dir [/usr/local/lib/gcc/x86_64-pc-linux-gnu/15.0.0/../../../../lib64] ==> [/usr/local/lib64]
  collapse library dir [/lib/x86_64-linux-gnu] ==> [/lib/x86_64-linux-gnu]
  collapse library dir [/lib/../lib64] ==> [/lib64]
  collapse library dir [/usr/lib/x86_64-linux-gnu] ==> [/usr/lib/x86_64-linux-gnu]
  collapse library dir [/usr/lib/../lib64] ==> [/usr/lib64]
  collapse library dir [/usr/local/lib/gcc/x86_64-pc-linux-gnu/15.0.0/../../..] ==> [/usr/local/lib]
  collapse library dir [/lib] ==> [/lib]
  collapse library dir [/usr/lib] ==> [/usr/lib]
  implicit libs: [gcc;gcc_s;c;gcc;gcc_s]
  implicit objs: [/lib/x86_64-linux-gnu/crt1.o;/lib/x86_64-linux-gnu/crti.o;/usr/local/lib/gcc/x86_64-pc-linux-gnu/15.0.0/crtbegin.o;/usr/local/lib/gcc/x86_64-pc-linux-gnu/15.0.0/crtend.o;/lib/x86_64-linux-gnu/crtn.o]
  implicit dirs: [/usr/local/lib/gcc/x86_64-pc-linux-gnu/15.0.0;/usr/local/lib64;/lib/x86_64-linux-gnu;/lib64;/usr/lib/x86_64-linux-gnu;/usr/lib64;/usr/local/lib;/lib;/usr/lib]
  implicit fwks: []


Detecting CXX compiler ABI info compiled with the following output:
Change Dir: /home/mint/Desktop/FreeRTOS/FreeRTOS/Demo/Posix_GCC/build/CMakeFiles/CMakeTmp

Run Build Command(s):/usr/bin/gmake -f Makefile cmTC_443af/fast && /usr/bin/gmake  -f CMakeFiles/cmTC_443af.dir/build.make CMakeFiles/cmTC_443af.dir/build
gmake[1]: Entering directory '/home/mint/Desktop/FreeRTOS/FreeRTOS/Demo/Posix_GCC/build/CMakeFiles/CMakeTmp'
Building CXX object CMakeFiles/cmTC_443af.dir/CMakeCXXCompilerABI.cpp.o
/usr/bin/c++   -v -o CMakeFiles/cmTC_443af.dir/CMakeCXXCompilerABI.cpp.o -c /usr/share/cmake-3.22/Modules/CMakeCXXCompilerABI.cpp
Using built-in specs.
COLLECT_GCC=/usr/bin/c++
Target: x86_64-pc-linux-gnu
Configured with: ./../gcc14source/configure --enable-languages=c,c++ --disable-multilib
Thread model: posix
Supported LTO compression algorithms: zlib
gcc version 15.0.0 20241002 (experimental) (GCC) 
COLLECT_GCC_OPTIONS='-v' '-o' 'CMakeFiles/cmTC_443af.dir/CMakeCXXCompilerABI.cpp.o' '-c' '-shared-libgcc' '-mtune=generic' '-march=x86-64' '-dumpdir' 'CMakeFiles/cmTC_443af.dir/'
 /usr/local/libexec/gcc/x86_64-pc-linux-gnu/15.0.0/cc1plus -quiet -v -imultiarch x86_64-linux-gnu -D_GNU_SOURCE /usr/share/cmake-3.22/Modules/CMakeCXXCompilerABI.cpp -quiet -dumpdir CMakeFiles/cmTC_443af.dir/ -dumpbase CMakeCXXCompilerABI.cpp.cpp -dumpbase-ext .cpp -mtune=generic -march=x86-64 -version -o /tmp/cc0YsjHr.s
GNU C++17 (GCC) version 15.0.0 20241002 (experimental) (x86_64-pc-linux-gnu)
	compiled by GNU C version 15.0.0 20241002 (experimental), GMP version 6.2.1, MPFR version 4.1.0, MPC version 1.2.1, isl version isl-0.24-GMP

GGC heuristics: --param ggc-min-expand=30 --param ggc-min-heapsize=4096
ignoring nonexistent directory "/usr/local/include/x86_64-linux-gnu"
ignoring nonexistent directory "/usr/local/lib/gcc/x86_64-pc-linux-gnu/15.0.0/../../../../x86_64-pc-linux-gnu/include"
#include "..." search starts here:
#include <...> search starts here:
 /usr/local/lib/gcc/x86_64-pc-linux-gnu/15.0.0/../../../../include/c++/15.0.0
 /usr/local/lib/gcc/x86_64-pc-linux-gnu/15.0.0/../../../../include/c++/15.0.0/x86_64-pc-linux-gnu
 /usr/local/lib/gcc/x86_64-pc-linux-gnu/15.0.0/../../../../include/c++/15.0.0/backward
 /usr/local/lib/gcc/x86_64-pc-linux-gnu/15.0.0/include
 /usr/local/include
 /usr/local/lib/gcc/x86_64-pc-linux-gnu/15.0.0/include-fixed/x86_64-linux-gnu
 /usr/local/lib/gcc/x86_64-pc-linux-gnu/15.0.0/include-fixed
 /usr/include/x86_64-linux-gnu
 /usr/include
End of search list.
Compiler executable checksum: 17a9884075be3d51ce8db54258ca72bc
COLLECT_GCC_OPTIONS='-v' '-o' 'CMakeFiles/cmTC_443af.dir/CMakeCXXCompilerABI.cpp.o' '-c' '-shared-libgcc' '-mtune=generic' '-march=x86-64' '-dumpdir' 'CMakeFiles/cmTC_443af.dir/'
 as -v --64 -o CMakeFiles/cmTC_443af.dir/CMakeCXXCompilerABI.cpp.o /tmp/cc0YsjHr.s
GNU assembler version 2.38 (x86_64-linux-gnu) using BFD version (GNU Binutils for Ubuntu) 2.38
COMPILER_PATH=/usr/local/libexec/gcc/x86_64-pc-linux-gnu/15.0.0/:/usr/local/libexec/gcc/x86_64-pc-linux-gnu/15.0.0/:/usr/local/libexec/gcc/x86_64-pc-linux-gnu/:/usr/local/lib/gcc/x86_64-pc-linux-gnu/15.0.0/:/usr/local/lib/gcc/x86_64-pc-linux-gnu/
LIBRARY_PATH=/usr/local/lib/gcc/x86_64-pc-linux-gnu/15.0.0/:/usr/local/lib/gcc/x86_64-pc-linux-gnu/15.0.0/../../../../lib64/:/lib/x86_64-linux-gnu/:/lib/../lib64/:/usr/lib/x86_64-linux-gnu/:/usr/lib/../lib64/:/usr/local/lib/gcc/x86_64-pc-linux-gnu/15.0.0/../../../:/lib/:/usr/lib/
COLLECT_GCC_OPTIONS='-v' '-o' 'CMakeFiles/cmTC_443af.dir/CMakeCXXCompilerABI.cpp.o' '-c' '-shared-libgcc' '-mtune=generic' '-march=x86-64' '-dumpdir' 'CMakeFiles/cmTC_443af.dir/CMakeCXXCompilerABI.cpp.'
Linking CXX executable cmTC_443af
/usr/bin/cmake -E cmake_link_script CMakeFiles/cmTC_443af.dir/link.txt --verbose=1
/usr/bin/c++  -v CMakeFiles/cmTC_443af.dir/CMakeCXXCompilerABI.cpp.o -o cmTC_443af 
Using built-in specs.
COLLECT_GCC=/usr/bin/c++
COLLECT_LTO_WRAPPER=/usr/local/libexec/gcc/x86_64-pc-linux-gnu/15.0.0/lto-wrapper
Target: x86_64-pc-linux-gnu
Configured with: ./../gcc14source/configure --enable-languages=c,c++ --disable-multilib
Thread model: posix
Supported LTO compression algorithms: zlib
gcc version 15.0.0 20241002 (experimental) (GCC) 
COMPILER_PATH=/usr/local/libexec/gcc/x86_64-pc-linux-gnu/15.0.0/:/usr/local/libexec/gcc/x86_64-pc-linux-gnu/15.0.0/:/usr/local/libexec/gcc/x86_64-pc-linux-gnu/:/usr/local/lib/gcc/x86_64-pc-linux-gnu/15.0.0/:/usr/local/lib/gcc/x86_64-pc-linux-gnu/
LIBRARY_PATH=/usr/local/lib/gcc/x86_64-pc-linux-gnu/15.0.0/:/usr/local/lib/gcc/x86_64-pc-linux-gnu/15.0.0/../../../../lib64/:/lib/x86_64-linux-gnu/:/lib/../lib64/:/usr/lib/x86_64-linux-gnu/:/usr/lib/../lib64/:/usr/local/lib/gcc/x86_64-pc-linux-gnu/15.0.0/../../../:/lib/:/usr/lib/
COLLECT_GCC_OPTIONS='-v' '-o' 'cmTC_443af' '-shared-libgcc' '-mtune=generic' '-march=x86-64' '-dumpdir' 'cmTC_443af.'
 /usr/local/libexec/gcc/x86_64-pc-linux-gnu/15.0.0/collect2 -plugin /usr/local/libexec/gcc/x86_64-pc-linux-gnu/15.0.0/liblto_plugin.so -plugin-opt=/usr/local/libexec/gcc/x86_64-pc-linux-gnu/15.0.0/lto-wrapper -plugin-opt=-fresolution=/tmp/ccrwQNvV.res -plugin-opt=-pass-through=-lgcc_s -plugin-opt=-pass-through=-lgcc -plugin-opt=-pass-through=-lc -plugin-opt=-pass-through=-lgcc_s -plugin-opt=-pass-through=-lgcc --eh-frame-hdr -m elf_x86_64 -dynamic-linker /lib64/ld-linux-x86-64.so.2 -o cmTC_443af /lib/x86_64-linux-gnu/crt1.o /lib/x86_64-linux-gnu/crti.o /usr/local/lib/gcc/x86_64-pc-linux-gnu/15.0.0/crtbegin.o -L/usr/local/lib/gcc/x86_64-pc-linux-gnu/15.0.0 -L/usr/local/lib/gcc/x86_64-pc-linux-gnu/15.0.0/../../../../lib64 -L/lib/x86_64-linux-gnu -L/lib/../lib64 -L/usr/lib/x86_64-linux-gnu -L/usr/lib/../lib64 -L/usr/local/lib/gcc/x86_64-pc-linux-gnu/15.0.0/../../.. -L/lib -L/usr/lib CMakeFiles/cmTC_443af.dir/CMakeCXXCompilerABI.cpp.o -lstdc++ -lm -lgcc_s -lgcc -lc -lgcc_s -lgcc /usr/local/lib/gcc/x86_64-pc-linux-gnu/15.0.0/crtend.o /lib/x86_64-linux-gnu/crtn.o
COLLECT_GCC_OPTIONS='-v' '-o' 'cmTC_443af' '-shared-libgcc' '-mtune=generic' '-march=x86-64' '-dumpdir' 'cmTC_443af.'
gmake[1]: Leaving directory '/home/mint/Desktop/FreeRTOS/FreeRTOS/Demo/Posix_GCC/build/CMakeFiles/CMakeTmp'



Parsed CXX implicit include dir info from above output: rv=done
  found start of include info
  found start of implicit include info
    add: [/usr/local/lib/gcc/x86_64-pc-linux-gnu/15.0.0/../../../../include/c++/15.0.0]
    add: [/usr/local/lib/gcc/x86_64-pc-linux-gnu/15.0.0/../../../../include/c++/15.0.0/x86_64-pc-linux-gnu]
    add: [/usr/local/lib/gcc/x86_64-pc-linux-gnu/15.0.0/../../../../include/c++/15.0.0/backward]
    add: [/usr/local/lib/gcc/x86_64-pc-linux-gnu/15.0.0/include]
    add: [/usr/local/include]
    add: [/usr/local/lib/gcc/x86_64-pc-linux-gnu/15.0.0/include-fixed/x86_64-linux-gnu]
    add: [/usr/local/lib/gcc/x86_64-pc-linux-gnu/15.0.0/include-fixed]
    add: [/usr/include/x86_64-linux-gnu]
    add: [/usr/include]
  end of search list found
  collapse include dir [/usr/local/lib/gcc/x86_64-pc-linux-gnu/15.0.0/../../../../include/c++/15.0.0] ==> [/usr/local/include/c++/15.0.0]
  collapse include dir [/usr/local/lib/gcc/x86_64-pc-linux-gnu/15.0.0/../../../../include/c++/15.0.0/x86_64-pc-linux-gnu] ==> [/usr/local/include/c++/15.0.0/x86_64-pc-linux-gnu]
  collapse include dir [/usr/local/lib/gcc/x86_64-pc-linux-gnu/15.0.0/../../../../include/c++/15.0.0/backward] ==> [/usr/local/include/c++/15.0.0/backward]
  collapse include dir [/usr/local/lib/gcc/x86_64-pc-linux-gnu/15.0.0/include] ==> [/usr/local/lib/gcc/x86_64-pc-linux-gnu/15.0.0/include]
  collapse include dir [/usr/local/include] ==> [/usr/local/include]
  collapse include dir [/usr/local/lib/gcc/x86_64-pc-linux-gnu/15.0.0/include-fixed/x86_64-linux-gnu] ==> [/usr/local/lib/gcc/x86_64-pc-linux-gnu/15.0.0/include-fixed/x86_64-linux-gnu]
  collapse include dir [/usr/local/lib/gcc/x86_64-pc-linux-gnu/15.0.0/include-fixed] ==> [/usr/local/lib/gcc/x86_64-pc-linux-gnu/15.0.0/include-fixed]
  collapse include dir [/usr/include/x86_64-linux-gnu] ==> [/usr/include/x86_64-linux-gnu]
  collapse include dir [/usr/include] ==> [/usr/include]
  implicit include dirs: [/usr/local/include/c++/15.0.0;/usr/local/include/c++/15.0.0/x86_64-pc-linux-gnu;/usr/local/include/c++/15.0.0/backward;/usr/local/lib/gcc/x86_64-pc-linux-gnu/15.0.0/include;/usr/local/include;/usr/local/lib/gcc/x86_64-pc-linux-gnu/15.0.0/include-fixed/x86_64-linux-gnu;/usr/local/lib/gcc/x86_64-pc-linux-gnu/15.0.0/include-fixed;/usr/include/x86_64-linux-gnu;/usr/include]


Parsed CXX implicit link information from above output:
  link line regex: [^( *|.*[/\])(ld|CMAKE_LINK_STARTFILE-NOTFOUND|([^/\]+-)?ld|collect2)[^/\]*( |$)]
  ignore line: [Change Dir: /home/mint/Desktop/FreeRTOS/FreeRTOS/Demo/Posix_GCC/build/CMakeFiles/CMakeTmp]
  ignore line: []
  ignore line: [Run Build Command(s):/usr/bin/gmake -f Makefile cmTC_443af/fast && /usr/bin/gmake  -f CMakeFiles/cmTC_443af.dir/build.make CMakeFiles/cmTC_443af.dir/build]
  ignore line: [gmake[1]: Entering directory '/home/mint/Desktop/FreeRTOS/FreeRTOS/Demo/Posix_GCC/build/CMakeFiles/CMakeTmp']
  ignore line: [Building CXX object CMakeFiles/cmTC_443af.dir/CMakeCXXCompilerABI.cpp.o]
  ignore line: [/usr/bin/c++   -v -o CMakeFiles/cmTC_443af.dir/CMakeCXXCompilerABI.cpp.o -c /usr/share/cmake-3.22/Modules/CMakeCXXCompilerABI.cpp]
  ignore line: [Using built-in specs.]
  ignore line: [COLLECT_GCC=/usr/bin/c++]
  ignore line: [Target: x86_64-pc-linux-gnu]
  ignore line: [Configured with: ./../gcc14source/configure --enable-languages=c c++ --disable-multilib]
  ignore line: [Thread model: posix]
  ignore line: [Supported LTO compression algorithms: zlib]
  ignore line: [gcc version 15.0.0 20241002 (experimental) (GCC) ]
  ignore line: [COLLECT_GCC_OPTIONS='-v' '-o' 'CMakeFiles/cmTC_443af.dir/CMakeCXXCompilerABI.cpp.o' '-c' '-shared-libgcc' '-mtune=generic' '-march=x86-64' '-dumpdir' 'CMakeFiles/cmTC_443af.dir/']
  ignore line: [ /usr/local/libexec/gcc/x86_64-pc-linux-gnu/15.0.0/cc1plus -quiet -v -imultiarch x86_64-linux-gnu -D_GNU_SOURCE /usr/share/cmake-3.22/Modules/CMakeCXXCompilerABI.cpp -quiet -dumpdir CMakeFiles/cmTC_443af.dir/ -dumpbase CMakeCXXCompilerABI.cpp.cpp -dumpbase-ext .cpp -mtune=generic -march=x86-64 -version -o /tmp/cc0YsjHr.s]
  ignore line: [GNU C++17 (GCC) version 15.0.0 20241002 (experimental) (x86_64-pc-linux-gnu)]
  ignore line: [	compiled by GNU C version 15.0.0 20241002 (experimental)  GMP version 6.2.1  MPFR version 4.1.0  MPC version 1.2.1  isl version isl-0.24-GMP]
  ignore line: []
  ignore line: [GGC heuristics: --param ggc-min-expand=30 --param ggc-min-heapsize=4096]
  ignore line: [ignoring nonexistent directory "/usr/local/include/x86_64-linux-gnu"]
  ignore line: [ignoring nonexistent directory "/usr/local/lib/gcc/x86_64-pc-linux-gnu/15.0.0/../../../../x86_64-pc-linux-gnu/include"]
  ignore line: [#include "..." search starts here:]
  ignore line: [#include <...> search starts here:]
  ignore line: [ /usr/local/lib/gcc/x86_64-pc-linux-gnu/15.0.0/../../../../include/c++/15.0.0]
  ignore line: [ /usr/local/lib/gcc/x86_64-pc-linux-gnu/15.0.0/../../../../include/c++/15.0.0/x86_64-pc-linux-gnu]
  ignore line: [ /usr/local/lib/gcc/x86_64-pc-linux-gnu/15.0.0/../../../../include/c++/15.0.0/backward]
  ignore line: [ /usr/local/lib/gcc/x86_64-pc-linux-gnu/15.0.0/include]
  ignore line: [ /usr/local/include]
  ignore line: [ /usr/local/lib/gcc/x86_64-pc-linux-gnu/15.0.0/include-fixed/x86_64-linux-gnu]
  ignore line: [ /usr/local/lib/gcc/x86_64-pc-linux-gnu/15.0.0/include-fixed]
  ignore line: [ /usr/include/x86_64-linux-gnu]
  ignore line: [ /usr/include]
  ignore line: [End of search list.]
  ignore line: [Compiler executable checksum: 17a9884075be3d51ce8db54258ca72bc]
  ignore line: [COLLECT_GCC_OPTIONS='-v' '-o' 'CMakeFiles/cmTC_443af.dir/CMakeCXXCompilerABI.cpp.o' '-c' '-shared-libgcc' '-mtune=generic' '-march=x86-64' '-dumpdir' 'CMakeFiles/cmTC_443af.dir/']
  ignore line: [ as -v --64 -o CMakeFiles/cmTC_443af.dir/CMakeCXXCompilerABI.cpp.o /tmp/cc0YsjHr.s]
  ignore line: [GNU assembler version 2.38 (x86_64-linux-gnu) using BFD version (GNU Binutils for Ubuntu) 2.38]
  ignore line: [COMPILER_PATH=/usr/local/libexec/gcc/x86_64-pc-linux-gnu/15.0.0/:/usr/local/libexec/gcc/x86_64-pc-linux-gnu/15.0.0/:/usr/local/libexec/gcc/x86_64-pc-linux-gnu/:/usr/local/lib/gcc/x86_64-pc-linux-gnu/15.0.0/:/usr/local/lib/gcc/x86_64-pc-linux-gnu/]
  ignore line: [LIBRARY_PATH=/usr/local/lib/gcc/x86_64-pc-linux-gnu/15.0.0/:/usr/local/lib/gcc/x86_64-pc-linux-gnu/15.0.0/../../../../lib64/:/lib/x86_64-linux-gnu/:/lib/../lib64/:/usr/lib/x86_64-linux-gnu/:/usr/lib/../lib64/:/usr/local/lib/gcc/x86_64-pc-linux-gnu/15.0.0/../../../:/lib/:/usr/lib/]
  ignore line: [COLLECT_GCC_OPTIONS='-v' '-o' 'CMakeFiles/cmTC_443af.dir/CMakeCXXCompilerABI.cpp.o' '-c' '-shared-libgcc' '-mtune=generic' '-march=x86-64' '-dumpdir' 'CMakeFiles/cmTC_443af.dir/CMakeCXXCompilerABI.cpp.']
  ignore line: [Linking CXX executable cmTC_443af]
  ignore line: [/usr/bin/cmake -E cmake_link_script CMakeFiles/cmTC_443af.dir/link.txt --verbose=1]
  ignore line: [/usr/bin/c++  -v CMakeFiles/cmTC_443af.dir/CMakeCXXCompilerABI.cpp.o -o cmTC_443af ]
  ignore line: [Using built-in specs.]
  ignore line: [COLLECT_GCC=/usr/bin/c++]
  ignore line: [COLLECT_LTO_WRAPPER=/usr/local/libexec/gcc/x86_64-pc-linux-gnu/15.0.0/lto-wrapper]
  ignore line: [Target: x86_64-pc-linux-gnu]
  ignore line: [Configured with: ./../gcc14source/configure --enable-languages=c c++ --disable-multilib]
  ignore line: [Thread model: posix]
  ignore line: [Supported LTO compression algorithms: zlib]
  ignore line: [gcc version 15.0.0 20241002 (experimental) (GCC) ]
  ignore line: [COMPILER_PATH=/usr/local/libexec/gcc/x86_64-pc-linux-gnu/15.0.0/:/usr/local/libexec/gcc/x86_64-pc-linux-gnu/15.0.0/:/usr/local/libexec/gcc/x86_64-pc-linux-gnu/:/usr/local/lib/gcc/x86_64-pc-linux-gnu/15.0.0/:/usr/local/lib/gcc/x86_64-pc-linux-gnu/]
  ignore line: [LIBRARY_PATH=/usr/local/lib/gcc/x86_64-pc-linux-gnu/15.0.0/:/usr/local/lib/gcc/x86_64-pc-linux-gnu/15.0.0/../../../../lib64/:/lib/x86_64-linux-gnu/:/lib/../lib64/:/usr/lib/x86_64-linux-gnu/:/usr/lib/../lib64/:/usr/local/lib/gcc/x86_64-pc-linux-gnu/15.0.0/../../../:/lib/:/usr/lib/]
  ignore line: [COLLECT_GCC_OPTIONS='-v' '-o' 'cmTC_443af' '-shared-libgcc' '-mtune=generic' '-march=x86-64' '-dumpdir' 'cmTC_443af.']
  link line: [ /usr/local/libexec/gcc/x86_64-pc-linux-gnu/15.0.0/collect2 -plugin /usr/local/libexec/gcc/x86_64-pc-linux-gnu/15.0.0/liblto_plugin.so -plugin-opt=/usr/local/libexec/gcc/x86_64-pc-linux-gnu/15.0.0/lto-wrapper -plugin-opt=-fresolution=/tmp/ccrwQNvV.res -plugin-opt=-pass-through=-lgcc_s -plugin-opt=-pass-through=-lgcc -plugin-opt=-pass-through=-lc -plugin-opt=-pass-through=-lgcc_s -plugin-opt=-pass-through=-lgcc --eh-frame-hdr -m elf_x86_64 -dynamic-linker /lib64/ld-linux-x86-64.so.2 -o cmTC_443af /lib/x86_64-linux-gnu/crt1.o /lib/x86_64-linux-gnu/crti.o /usr/local/lib/gcc/x86_64-pc-linux-gnu/15.0.0/crtbegin.o -L/usr/local/lib/gcc/x86_64-pc-linux-gnu/15.0.0 -L/usr/local/lib/gcc/x86_64-pc-linux-gnu/15.0.0/../../../../lib64 -L/lib/x86_64-linux-gnu -L/lib/../lib64 -L/usr/lib/x86_64-linux-gnu -L/usr/lib/../lib64 -L/usr/local/lib/gcc/x86_64-pc-linux-gnu/15.0.0/../../.. -L/lib -L/usr/lib CMakeFiles/cmTC_443af.dir/CMakeCXXCompilerABI.cpp.o -lstdc++ -lm -lgcc_s -lgcc -lc -lgcc_s -lgcc /usr/local/lib/gcc/x86_64-pc-linux-gnu/15.0.0/crtend.o /lib/x86_64-linux-gnu/crtn.o]
    arg [/usr/local/libexec/gcc/x86_64-pc-linux-gnu/15.0.0/collect2] ==> ignore
    arg [-plugin] ==> ignore
    arg [/usr/local/libexec/gcc/x86_64-pc-linux-gnu/15.0.0/liblto_plugin.so] ==> ignore
    arg [-plugin-opt=/usr/local/libexec/gcc/x86_64-pc-linux-gnu/15.0.0/lto-wrapper] ==> ignore
    arg [-plugin-opt=-fresolution=/tmp/ccrwQNvV.res] ==> ignore
    arg [-plugin-opt=-pass-through=-lgcc_s] ==> ignore
    arg [-plugin-opt=-pass-through=-lgcc] ==> ignore
    arg [-plugin-opt=-pass-through=-lc] ==> ignore
    arg [-plugin-opt=-pass-through=-lgcc_s] ==> ignore
    arg [-plugin-opt=-pass-through=-lgcc] ==> ignore
    arg [--eh-frame-hdr] ==> ignore
    arg [-m] ==> ignore
    arg [elf_x86_64] ==> ignore
    arg [-dynamic-linker] ==> ignore
    arg [/lib64/ld-linux-x86-64.so.2] ==> ignore
    arg [-o] ==> ignore
    arg [cmTC_443af] ==> ignore
    arg [/lib/x86_64-linux-gnu/crt1.o] ==> obj [/lib/x86_64-linux-gnu/crt1.o]
    arg [/lib/x86_64-linux-gnu/crti.o] ==> obj [/lib/x86_64-linux-gnu/crti.o]
    arg [/usr/local/lib/gcc/x86_64-pc-linux-gnu/15.0.0/crtbegin.o] ==> obj [/usr/local/lib/gcc/x86_64-pc-linux-gnu/15.0.0/crtbegin.o]
    arg [-L/usr/local/lib/gcc/x86_64-pc-linux-gnu/15.0.0] ==> dir [/usr/local/lib/gcc/x86_64-pc-linux-gnu/15.0.0]
    arg [-L/usr/local/lib/gcc/x86_64-pc-linux-gnu/15.0.0/../../../../lib64] ==> dir [/usr/local/lib/gcc/x86_64-pc-linux-gnu/15.0.0/../../../../lib64]
    arg [-L/lib/x86_64-linux-gnu] ==> dir [/lib/x86_64-linux-gnu]
    arg [-L/lib/../lib64] ==> dir [/lib/../lib64]
    arg [-L/usr/lib/x86_64-linux-gnu] ==> dir [/usr/lib/x86_64-linux-gnu]
    arg [-L/usr/lib/../lib64] ==> dir [/usr/lib/../lib64]
    arg [-L/usr/local/lib/gcc/x86_64-pc-linux-gnu/15.0.0/../../..] ==> dir [/usr/local/lib/gcc/x86_64-pc-linux-gnu/15.0.0/../../..]
    arg [-L/lib] ==> dir [/lib]
    arg [-L/usr/lib] ==> dir [/usr/lib]
    arg [CMakeFiles/cmTC_443af.dir/CMakeCXXCompilerABI.cpp.o] ==> ignore
    arg [-lstdc++] ==> lib [stdc++]
    arg [-lm] ==> lib [m]
    arg [-lgcc_s] ==> lib [gcc_s]
    arg [-lgcc] ==> lib [gcc]
    arg [-lc] ==> lib [c]
    arg [-lgcc_s] ==> lib [gcc_s]
    arg [-lgcc] ==> lib [gcc]
    arg [/usr/local/lib/gcc/x86_64-pc-linux-gnu/15.0.0/crtend.o] ==> obj [/usr/local/lib/gcc/x86_64-pc-linux-gnu/15.0.0/crtend.o]
    arg [/lib/x86_64-linux-gnu/crtn.o] ==> obj [/lib/x86_64-linux-gnu/crtn.o]
  collapse library dir [/usr/local/lib/gcc/x86_64-pc-linux-gnu/15.0.0] ==> [/usr/local/lib/gcc/x86_64-pc-linux-gnu/15.0.0]
  collapse library dir [/usr/local/lib/gcc/x86_64-pc-linux-gnu/15.0.0/../../../../lib64] ==> [/usr/local/lib64]
  collapse library dir [/lib/x86_64-linux-gnu] ==> [/lib/x86_64-linux-gnu]
  collapse library dir [/lib/../lib64] ==> [/lib64]
  collapse library dir [/usr/lib/x86_64-linux-gnu] ==> [/usr/lib/x86_64-linux-gnu]
  collapse library dir [/usr/lib/../lib64] ==> [/usr/lib64]
  collapse library dir [/usr/local/lib/gcc/x86_64-pc-linux-gnu/15.0.0/../../..] ==> [/usr/local/lib]
  collapse library dir [/lib] ==> [/lib]
  collapse library dir [/usr/lib] ==> [/usr/lib]
  implicit libs: [stdc++;m;gcc_s;gcc;c;gcc_s;gcc]
  implicit objs: [/lib/x86_64-linux-gnu/crt1.o;/lib/x86_64-linux-gnu/crti.o;/usr/local/lib/gcc/x86_64-pc-linux-gnu/15.0.0/crtbegin.o;/usr/local/lib/gcc/x86_64-pc-linux-gnu/15.0.0/crtend.o;/lib/x86_64-linux-gnu/crtn.o]
  implicit dirs: [/usr/local/lib/gcc/x86_64-pc-linux-gnu/15.0.0;/usr/local/lib64;/lib/x86_64-linux-gnu;/lib64;/usr/lib/x86_64-linux-gnu;/usr/lib64;/usr/local/lib;/lib;/usr/lib]
  implicit fwks: []


Determining if the include file pthread.h exists passed with the following output:
Change Dir: /home/mint/Desktop/FreeRTOS/FreeRTOS/Demo/Posix_GCC/build/CMakeFiles/CMakeTmp

Run Build Command(s):/usr/bin/gmake -f Makefile cmTC_5d256/fast && /usr/bin/gmake  -f CMakeFiles/cmTC_5d256.dir/build.make CMakeFiles/cmTC_5d256.dir/build
gmake[1]: Entering directory '/home/mint/Desktop/FreeRTOS/FreeRTOS/Demo/Posix_GCC/build/CMakeFiles/CMakeTmp'
Building C object CMakeFiles/cmTC_5d256.dir/CheckIncludeFile.c.o
/usr/bin/cc    -o CMakeFiles/cmTC_5d256.dir/CheckIncludeFile.c.o -c /home/mint/Desktop/FreeRTOS/FreeRTOS/Demo/Posix_GCC/build/CMakeFiles/CMakeTmp/CheckIncludeFile.c
Linking C executable cmTC_5d256
/usr/bin/cmake -E cmake_link_script CMakeFiles/cmTC_5d256.dir/link.txt --verbose=1
/usr/bin/cc CMakeFiles/cmTC_5d256.dir/CheckIncludeFile.c.o -o cmTC_5d256 
gmake[1]: Leaving directory '/home/mint/Desktop/FreeRTOS/FreeRTOS/Demo/Posix_GCC/build/CMakeFiles/CMakeTmp'



Performing C SOURCE FILE Test CMAKE_HAVE_LIBC_PTHREAD succeeded with the following output:
Change Dir: /home/mint/Desktop/FreeRTOS/FreeRTOS/Demo/Posix_GCC/build/CMakeFiles/CMakeTmp

Run Build Command(s):/usr/bin/gmake -f Makefile cmTC_dc796/fast && /usr/bin/gmake  -f CMakeFiles/cmTC_dc796.dir/build.make CMakeFiles/cmTC_dc796.dir/build
gmake[1]: Entering directory '/home/mint/Desktop/FreeRTOS/FreeRTOS/Demo/Posix_GCC/build/CMakeFiles/CMakeTmp'
Building C object CMakeFiles/cmTC_dc796.dir/src.c.o
/usr/bin/cc -DCMAKE_HAVE_LIBC_PTHREAD   -o CMakeFiles/cmTC_dc796.dir/src.c.o -c /home/mint/Desktop/FreeRTOS/FreeRTOS/Demo/Posix_GCC/build/CMakeFiles/CMakeTmp/src.c
Linking C executable cmTC_dc796
/usr/bin/cmake -E cmake_link_script CMakeFiles/cmTC_dc796.dir/link.txt --verbose=1
/usr/bin/cc CMakeFiles/cmTC_dc796.dir/src.c.o -o cmTC_dc796 
gmake[1]: Leaving directory '/home/mint/Desktop/FreeRTOS/FreeRTOS/Demo/Posix_GCC/build/CMakeFiles/CMakeTmp'


Source file was:
#include <pthread.h>

static void* test_func(void* data)
{
  return data;
}

int main(void)
{
  pthread_t thread;
  pthread_create(&thread, NULL, test_func, NULL);
  pthread_detach(thread);
  pthread_cancel(thread);
  pthread_join(thread, NULL);
  pthread_atfork(NULL, NULL, NULL);
  pthread_exit(NULL);

  return 0;
}

